p:\proj\restaurantmanager\restaurantmanager\x64\debug\restaurantapp.obj
p:\proj\restaurantmanager\restaurantmanager\x64\debug\main.obj
p:\proj\restaurantmanager\restaurantmanager\x64\debug\orderform.obj
p:\proj\restaurantmanager\restaurantmanager\x64\debug\vc143.pdb
p:\proj\restaurantmanager\restaurantmanager\x64\debug\vc143.idb
p:\proj\restaurantmanager\restaurantmanager\x64\debug\qrc_restaurantmanager.obj
p:\proj\restaurantmanager\restaurantmanager\x64\debug\moc_restaurantapp.obj
p:\proj\restaurantmanager\restaurantmanager\x64\debug\moc_orderform.obj
p:\proj\restaurantmanager\restaurantmanager\x64\debug\moc\moc_restaurantmanager.cpp
p:\proj\restaurantmanager\restaurantmanager\x64\debug\moc\moc_restaurantapp.cpp
p:\proj\restaurantmanager\restaurantmanager\x64\debug\moc\moc_orderform.cpp
p:\proj\restaurantmanager\restaurantmanager\x64\debug\rcc\qrc_restaurantmanager.cpp
p:\proj\restaurantmanager\restaurantmanager\x64\debug\uic\ui_restaurantmanager.h
p:\proj\restaurantmanager\x64\debug\restaurantmanager.pdb
p:\proj\restaurantmanager\restaurantmanager\x64\debug\restaura.a2c9a4e6.tlog\cl.command.1.tlog
p:\proj\restaurantmanager\restaurantmanager\x64\debug\restaura.a2c9a4e6.tlog\cl.read.1.tlog
p:\proj\restaurantmanager\restaurantmanager\x64\debug\restaura.a2c9a4e6.tlog\cl.write.1.tlog
p:\proj\restaurantmanager\restaurantmanager\x64\debug\restaura.a2c9a4e6.tlog\link-cvtres.read.1.tlog
p:\proj\restaurantmanager\restaurantmanager\x64\debug\restaura.a2c9a4e6.tlog\link-cvtres.write.1.tlog
p:\proj\restaurantmanager\restaurantmanager\x64\debug\restaura.a2c9a4e6.tlog\link-rc.read.1.tlog
p:\proj\restaurantmanager\restaurantmanager\x64\debug\restaura.a2c9a4e6.tlog\link-rc.write.1.tlog
p:\proj\restaurantmanager\restaurantmanager\x64\debug\restaura.a2c9a4e6.tlog\link.command.1.tlog
p:\proj\restaurantmanager\restaurantmanager\x64\debug\restaura.a2c9a4e6.tlog\link.read.1.tlog
p:\proj\restaurantmanager\restaurantmanager\x64\debug\restaura.a2c9a4e6.tlog\link.read.2.tlog
p:\proj\restaurantmanager\restaurantmanager\x64\debug\restaura.a2c9a4e6.tlog\link.write.1.tlog
p:\proj\restaurantmanager\restaurantmanager\x64\debug\restaura.a2c9a4e6.tlog\moc.read.1u.tlog
p:\proj\restaurantmanager\restaurantmanager\x64\debug\restaura.a2c9a4e6.tlog\moc.write.1u.tlog
p:\proj\restaurantmanager\restaurantmanager\x64\debug\restaura.a2c9a4e6.tlog\rcc.read.1u.tlog
p:\proj\restaurantmanager\restaurantmanager\x64\debug\restaura.a2c9a4e6.tlog\rcc.write.1u.tlog
p:\proj\restaurantmanager\restaurantmanager\x64\debug\restaura.a2c9a4e6.tlog\restaurantmanager.write.1u.tlog
p:\proj\restaurantmanager\restaurantmanager\x64\debug\restaura.a2c9a4e6.tlog\uic.read.1u.tlog
p:\proj\restaurantmanager\restaurantmanager\x64\debug\restaura.a2c9a4e6.tlog\uic.write.1u.tlog
